<?xml version="1.0" encoding="UTF-8"?>
<testsuite xmlns:xsi="http://www.w3.org/2001/XMLSchema-instance" xsi:noNamespaceSchemaLocation="https://maven.apache.org/surefire/maven-surefire-plugin/xsd/surefire-test-report-3.0.xsd" version="3.0" name="com.example.aibuysys.AiBuySysApplicationTests" time="2.271" tests="1" errors="0" skipped="0" failures="0">
  <properties>
[...]
</properties>
  <testcase name="contextLoads" classname="com.example.aibuysys.AiBuySysApplicationTests" time="0.181">
    <system-out><![CDATA[19:42:05.699 [main] DEBUG org.springframework.test.context.BootstrapUtils - Instantiating CacheAwareContextLoaderDelegate from class [org.springframework.test.context.cache.DefaultCacheAwareContextLoaderDelegate]
19:42:05.708 [main] DEBUG org.springframework.test.context.BootstrapUtils - Instantiating BootstrapContext using constructor [public org.springframework.test.context.support.DefaultBootstrapContext(java.lang.Class,org.springframework.test.context.CacheAwareContextLoaderDelegate)]
19:42:05.741 [main] DEBUG org.springframework.test.context.BootstrapUtils - Instantiating TestContextBootstrapper for test class [com.example.aibuysys.AiBuySysApplicationTests] from class [org.springframework.boot.test.context.SpringBootTestContextBootstrapper]
19:42:05.750 [main] INFO org.springframework.boot.test.context.SpringBootTestContextBootstrapper - Neither @ContextConfiguration nor @ContextHierarchy found for test class [com.example.aibuysys.AiBuySysApplicationTests], using SpringBootContextLoader
19:42:05.754 [main] DEBUG org.springframework.test.context.support.AbstractContextLoader - Did not detect default resource location for test class [com.example.aibuysys.AiBuySysApplicationTests]: class path resource [com/example/aibuysys/AiBuySysApplicationTests-context.xml] does not exist
19:42:05.754 [main] DEBUG org.springframework.test.context.support.AbstractContextLoader - Did not detect default resource location for test class [com.example.aibuysys.AiBuySysApplicationTests]: class path resource [com/example/aibuysys/AiBuySysApplicationTestsContext.groovy] does not exist
19:42:05.754 [main] INFO org.springframework.test.context.support.AbstractContextLoader - Could not detect default resource locations for test class [com.example.aibuysys.AiBuySysApplicationTests]: no resource found for suffixes {-context.xml, Context.groovy}.
19:42:05.755 [main] INFO org.springframework.test.context.support.AnnotationConfigContextLoaderUtils - Could not detect default configuration classes for test class [com.example.aibuysys.AiBuySysApplicationTests]: AiBuySysApplicationTests does not declare any static, non-private, non-final, nested classes annotated with @Configuration.
19:42:05.793 [main] DEBUG org.springframework.test.context.support.ActiveProfilesUtils - Could not find an 'annotation declaring class' for annotation type [org.springframework.test.context.ActiveProfiles] and class [com.example.aibuysys.AiBuySysApplicationTests]
19:42:05.844 [main] DEBUG org.springframework.context.annotation.ClassPathScanningCandidateComponentProvider - Identified candidate component class: file [C:\Users\86139\Desktop\AiBuySys\target\classes\com\example\aibuysys\AiBuySysApplication.class]
19:42:05.845 [main] INFO org.springframework.boot.test.context.SpringBootTestContextBootstrapper - Found @SpringBootConfiguration com.example.aibuysys.AiBuySysApplication for test class com.example.aibuysys.AiBuySysApplicationTests
19:42:05.958 [main] DEBUG org.springframework.boot.test.context.SpringBootTestContextBootstrapper - @TestExecutionListeners is not present for class [com.example.aibuysys.AiBuySysApplicationTests]: using defaults.
19:42:05.958 [main] INFO org.springframework.boot.test.context.SpringBootTestContextBootstrapper - Loaded default TestExecutionListener class names from location [META-INF/spring.factories]: [org.springframework.boot.test.mock.mockito.MockitoTestExecutionListener, org.springframework.boot.test.mock.mockito.ResetMocksTestExecutionListener, org.springframework.boot.test.autoconfigure.restdocs.RestDocsTestExecutionListener, org.springframework.boot.test.autoconfigure.web.client.MockRestServiceServerResetTestExecutionListener, org.springframework.boot.test.autoconfigure.web.servlet.MockMvcPrintOnlyOnFailureTestExecutionListener, org.springframework.boot.test.autoconfigure.web.servlet.WebDriverTestExecutionListener, org.springframework.boot.test.autoconfigure.webservices.client.MockWebServiceServerTestExecutionListener, org.springframework.test.context.web.ServletTestExecutionListener, org.springframework.test.context.support.DirtiesContextBeforeModesTestExecutionListener, org.springframework.test.context.event.ApplicationEventsTestExecutionListener, org.springframework.test.context.support.DependencyInjectionTestExecutionListener, org.springframework.test.context.support.DirtiesContextTestExecutionListener, org.springframework.test.context.transaction.TransactionalTestExecutionListener, org.springframework.test.context.jdbc.SqlScriptsTestExecutionListener, org.springframework.test.context.event.EventPublishingTestExecutionListener]
19:42:05.968 [main] DEBUG org.springframework.boot.test.context.SpringBootTestContextBootstrapper - Skipping candidate TestExecutionListener [org.springframework.test.context.transaction.TransactionalTestExecutionListener] due to a missing dependency. Specify custom listener classes or make the default listener classes and their required dependencies available. Offending class: [org/springframework/transaction/interceptor/TransactionAttributeSource]
19:42:05.968 [main] DEBUG org.springframework.boot.test.context.SpringBootTestContextBootstrapper - Skipping candidate TestExecutionListener [org.springframework.test.context.jdbc.SqlScriptsTestExecutionListener] due to a missing dependency. Specify custom listener classes or make the default listener classes and their required dependencies available. Offending class: [org/springframework/transaction/interceptor/TransactionAttribute]
19:42:05.968 [main] INFO org.springframework.boot.test.context.SpringBootTestContextBootstrapper - Using TestExecutionListeners: [org.springframework.test.context.web.ServletTestExecutionListener@7a1234bf, org.springframework.test.context.support.DirtiesContextBeforeModesTestExecutionListener@2f62ea70, org.springframework.test.context.event.ApplicationEventsTestExecutionListener@24ba9639, org.springframework.boot.test.mock.mockito.MockitoTestExecutionListener@38aa816f, org.springframework.boot.test.autoconfigure.SpringBootDependencyInjectionTestExecutionListener@53f6fd09, org.springframework.test.context.support.DirtiesContextTestExecutionListener@6bffbc6d, org.springframework.test.context.event.EventPublishingTestExecutionListener@1b84f475, org.springframework.boot.test.mock.mockito.ResetMocksTestExecutionListener@7749bf93, org.springframework.boot.test.autoconfigure.restdocs.RestDocsTestExecutionListener@13330ac6, org.springframework.boot.test.autoconfigure.web.client.MockRestServiceServerResetTestExecutionListener@539d019, org.springframework.boot.test.autoconfigure.web.servlet.MockMvcPrintOnlyOnFailureTestExecutionListener@39a2bb97, org.springframework.boot.test.autoconfigure.web.servlet.WebDriverTestExecutionListener@3ad2e17, org.springframework.boot.test.autoconfigure.webservices.client.MockWebServiceServerTestExecutionListener@8c3619e]
19:42:05.971 [main] DEBUG org.springframework.test.context.support.AbstractDirtiesContextTestExecutionListener - Before test class: context [DefaultTestContext@2e6a5539 testClass = AiBuySysApplicationTests, testInstance = [null], testMethod = [null], testException = [null], mergedContextConfiguration = [WebMergedContextConfiguration@3fc9504b testClass = AiBuySysApplicationTests, locations = '{}', classes = '{class com.example.aibuysys.AiBuySysApplication}', contextInitializerClasses = '[]', activeProfiles = '{}', propertySourceLocations = '{}', propertySourceProperties = '{org.springframework.boot.test.context.SpringBootTestContextBootstrapper=true}', contextCustomizers = set[org.springframework.boot.test.context.filter.ExcludeFilterContextCustomizer@4d154ccd, org.springframework.boot.test.json.DuplicateJsonObjectContextCustomizerFactory$DuplicateJsonObjectContextCustomizer@1e0b4072, org.springframework.boot.test.mock.mockito.MockitoContextCustomizer@0, org.springframework.boot.test.web.client.TestRestTemplateContextCustomizer@5ab956d7, org.springframework.boot.test.autoconfigure.actuate.metrics.MetricsExportContextCustomizerFactory$DisableMetricExportContextCustomizer@26d9b808, org.springframework.boot.test.autoconfigure.properties.PropertyMappingContextCustomizer@0, org.springframework.boot.test.autoconfigure.web.servlet.WebDriverContextCustomizerFactory$Customizer@793f29ff, org.springframework.boot.test.context.SpringBootTestArgs@1, org.springframework.boot.test.context.SpringBootTestWebEnvironment@15b3e5b], resourceBasePath = 'src/main/webapp', contextLoader = 'org.springframework.boot.test.context.SpringBootContextLoader', parent = [null]], attributes = map['org.springframework.test.context.web.ServletTestExecutionListener.activateListener' -> true]], class annotated with @DirtiesContext [false] with mode [null].

  .   ____          _            __ _ _
 /\\ / ___'_ __ _ _(_)_ __  __ _ \ \ \ \
( ( )\___ | '_ | '_| | '_ \/ _` | \ \ \ \
 \\/  ___)| |_)| | | | | || (_| |  ) ) ) )
  '  |____| .__|_| |_|_| |_\__, | / / / /
 =========|_|==============|___/=/_/_/_/
 :: Spring Boot ::               (v2.6.13)

2025-06-05 19:42:06.253  INFO 15128 --- [           main] c.e.aibuysys.AiBuySysApplicationTests    : Starting AiBuySysApplicationTests using Java 21.0.3 on zwh with PID 15128 (started by 86139 in C:\Users\86139\Desktop\AiBuySys)
2025-06-05 19:42:06.254  INFO 15128 --- [           main] c.e.aibuysys.AiBuySysApplicationTests    : No active profile set, falling back to 1 default profile: "default"
2025-06-05 19:42:07.441  INFO 15128 --- [           main] o.s.b.a.w.s.WelcomePageHandlerMapping    : Adding welcome page: class path resource [static/index.html]
2025-06-05 19:42:07.550  WARN 15128 --- [           main] ion$DefaultTemplateResolverConfiguration : Cannot find template location: classpath:/templates/ (please add some templates, check your Thymeleaf configuration, or set spring.thymeleaf.check-template-location=false)
2025-06-05 19:42:07.552  WARN 15128 --- [           main] org.thymeleaf.templatemode.TemplateMode  : [THYMELEAF][main] Template Mode 'HTML5' is deprecated. Using Template Mode 'HTML' instead.
2025-06-05 19:42:07.713  INFO 15128 --- [           main] c.e.aibuysys.AiBuySysApplicationTests    : Started AiBuySysApplicationTests in 1.708 seconds (JVM running for 2.773)
]]></system-out>
  </testcase>
</testsuite>